<?xml version="1.0" encoding="UTF-8"?>
<!-- Generated by org.testng.reporters.JUnitXMLReporter -->
<testsuite hostname="DESKTOP-J7UJK7R" ignored="0" name="Test" tests="1" failures="1" timestamp="2021-10-27T19:27:59 IST" time="51.965" errors="0">
  <testcase name="validateLoginTest" time="27.93" classname="tests.LoginTest">
    <failure type="java.lang.AssertionError" message="expected [abc] but found [Amazon Sign In]">
      <![CDATA[java.lang.AssertionError: expected [abc] but found [Amazon Sign In]
at tests.LoginTest.validateLoginTest(LoginTest.java:47)
at java.util.ArrayList.forEach(ArrayList.java:1259)
at java.util.concurrent.FutureTask.run(FutureTask.java:266)
at java.util.concurrent.ThreadPoolExecutor.runWorker(ThreadPoolExecutor.java:1149)
at java.util.concurrent.ThreadPoolExecutor$Worker.run(ThreadPoolExecutor.java:624)
at java.lang.Thread.run(Thread.java:748)
... Removed 24 stack frames]]>
    </failure>
  </testcase> <!-- validateLoginTest -->
</testsuite> <!-- Test -->
