<?xml version="1.0" encoding="UTF-8"?>
<testng-results skipped="0" failed="1" ignored="0" total="3" passed="2">
  <reporter-output>
  </reporter-output>
  <suite name="Suite" duration-ms="97094" started-at="2021-10-29T18:03:07 IST" finished-at="2021-10-29T18:04:44 IST">
    <groups>
    </groups>
    <test name="Test1" duration-ms="77008" started-at="2021-10-29T18:03:07 IST" finished-at="2021-10-29T18:04:24 IST">
      <class name="tests.ValidateTitle">
        <test-method status="PASS" signature="open()[pri:0, instance:tests.ValidateTitle@7d61eb55]" name="open" is-config="true" duration-ms="58871" started-at="2021-10-29T18:03:07 IST" finished-at="2021-10-29T18:04:06 IST">
          <reporter-output>
          </reporter-output>
        </test-method> <!-- open -->
        <test-method status="PASS" signature="validateTitleTest()[pri:0, instance:tests.ValidateTitle@7d61eb55]" name="validateTitleTest" duration-ms="1833" started-at="2021-10-29T18:04:07 IST" finished-at="2021-10-29T18:04:08 IST">
          <reporter-output>
          </reporter-output>
        </test-method> <!-- validateTitleTest -->
        <test-method status="PASS" signature="close()[pri:0, instance:tests.ValidateTitle@7d61eb55]" name="close" is-config="true" duration-ms="15765" started-at="2021-10-29T18:04:09 IST" finished-at="2021-10-29T18:04:24 IST">
          <reporter-output>
          </reporter-output>
        </test-method> <!-- close -->
      </class> <!-- tests.ValidateTitle -->
    </test> <!-- Test1 -->
    <test name="Test" duration-ms="93799" started-at="2021-10-29T18:03:07 IST" finished-at="2021-10-29T18:04:41 IST">
      <class name="tests.LoginTest">
        <test-method status="PASS" signature="open()[pri:0, instance:tests.LoginTest@18f8cd79]" name="open" is-config="true" duration-ms="59805" started-at="2021-10-29T18:03:07 IST" finished-at="2021-10-29T18:04:07 IST">
          <reporter-output>
          </reporter-output>
        </test-method> <!-- open -->
        <test-method status="FAIL" signature="validateLoginTest()[pri:0, instance:tests.LoginTest@18f8cd79]" name="validateLoginTest" duration-ms="30551" started-at="2021-10-29T18:04:07 IST" finished-at="2021-10-29T18:04:38 IST">
          <exception class="java.lang.AssertionError">
            <message>
              <![CDATA[expected [abc] but found [Amazon Sign In]]]>
            </message>
            <full-stacktrace>
              <![CDATA[java.lang.AssertionError: expected [abc] but found [Amazon Sign In]
at org.testng.Assert.fail(Assert.java:99)
at org.testng.Assert.failNotEquals(Assert.java:1037)
at org.testng.Assert.assertEqualsImpl(Assert.java:140)
at org.testng.Assert.assertEquals(Assert.java:122)
at org.testng.Assert.assertEquals(Assert.java:629)
at org.testng.Assert.assertEquals(Assert.java:639)
at tests.LoginTest.validateLoginTest(LoginTest.java:55)
at sun.reflect.NativeMethodAccessorImpl.invoke0(Native Method)
at sun.reflect.NativeMethodAccessorImpl.invoke(NativeMethodAccessorImpl.java:62)
at sun.reflect.DelegatingMethodAccessorImpl.invoke(DelegatingMethodAccessorImpl.java:43)
at java.lang.reflect.Method.invoke(Method.java:498)
at org.testng.internal.MethodInvocationHelper.invokeMethod(MethodInvocationHelper.java:133)
at org.testng.internal.TestInvoker.invokeMethod(TestInvoker.java:598)
at org.testng.internal.TestInvoker.invokeTestMethod(TestInvoker.java:173)
at org.testng.internal.MethodRunner.runInSequence(MethodRunner.java:46)
at org.testng.internal.TestInvoker$MethodInvocationAgent.invoke(TestInvoker.java:824)
at org.testng.internal.TestInvoker.invokeTestMethods(TestInvoker.java:146)
at org.testng.internal.TestMethodWorker.invokeTestMethods(TestMethodWorker.java:146)
at org.testng.internal.TestMethodWorker.run(TestMethodWorker.java:128)
at java.util.ArrayList.forEach(ArrayList.java:1259)
at org.testng.TestRunner.privateRun(TestRunner.java:794)
at org.testng.TestRunner.run(TestRunner.java:596)
at org.testng.SuiteRunner.runTest(SuiteRunner.java:377)
at org.testng.SuiteRunner.access$000(SuiteRunner.java:28)
at org.testng.SuiteRunner$SuiteWorker.run(SuiteRunner.java:418)
at org.testng.internal.thread.ThreadUtil.lambda$execute$0(ThreadUtil.java:64)
at java.util.concurrent.FutureTask.run(FutureTask.java:266)
at java.util.concurrent.ThreadPoolExecutor.runWorker(ThreadPoolExecutor.java:1149)
at java.util.concurrent.ThreadPoolExecutor$Worker.run(ThreadPoolExecutor.java:624)
at java.lang.Thread.run(Thread.java:748)
]]>
            </full-stacktrace>
          </exception> <!-- java.lang.AssertionError -->
          <reporter-output>
          </reporter-output>
        </test-method> <!-- validateLoginTest -->
        <test-method status="PASS" signature="close()[pri:0, instance:tests.LoginTest@18f8cd79]" name="close" is-config="true" duration-ms="564" started-at="2021-10-29T18:04:41 IST" finished-at="2021-10-29T18:04:41 IST">
          <reporter-output>
          </reporter-output>
        </test-method> <!-- close -->
      </class> <!-- tests.LoginTest -->
    </test> <!-- Test -->
    <test name="Test3" duration-ms="97094" started-at="2021-10-29T18:03:07 IST" finished-at="2021-10-29T18:04:44 IST">
      <class name="tests.JDBCTest">
        <test-method status="PASS" signature="opening()[pri:0, instance:tests.JDBCTest@4ef74c30]" name="opening" is-config="true" duration-ms="76700" started-at="2021-10-29T18:03:07 IST" finished-at="2021-10-29T18:04:24 IST">
          <reporter-output>
          </reporter-output>
        </test-method> <!-- opening -->
        <test-method status="PASS" signature="open()[pri:0, instance:tests.JDBCTest@4ef74c30]" name="open" duration-ms="19804" started-at="2021-10-29T18:04:24 IST" finished-at="2021-10-29T18:04:44 IST">
          <reporter-output>
          </reporter-output>
        </test-method> <!-- open -->
        <test-method status="PASS" signature="close()[pri:0, instance:tests.JDBCTest@4ef74c30]" name="close" is-config="true" duration-ms="582" started-at="2021-10-29T18:04:44 IST" finished-at="2021-10-29T18:04:44 IST">
          <reporter-output>
          </reporter-output>
        </test-method> <!-- close -->
      </class> <!-- tests.JDBCTest -->
    </test> <!-- Test3 -->
  </suite> <!-- Suite -->
</testng-results>
